<?xml version='1.0' encoding='UTF-8'?>
<testsuite tests='2' failures='1' disabled='0' errors='0' time='0.003' name='tests'>
	<testsuite tests='1' failures='0' disabled='0' errors='0' time='0.002' name='Application'>
		<testcase name='isInitialized' status='pass' time='0.002' classname='Application' />
	</testsuite>
	<testsuite tests='1' failures='1' disabled='0' errors='0' time='0.001' name='models.ApplicationModel'>
		<testcase name='defaultNumberIsSet' status='fail' time='0.001' classname='models.ApplicationModel' />
	</testsuite>
</testsuite>