<?xml version='1.0' encoding='UTF-8'?>
<testsuite tests='2' failures='1' disabled='0' errors='0' time='0.006' name='tests'>
	<testsuite tests='1' failures='0' disabled='0' errors='0' time='0.005' name='Application'>
		<testcase name='isInitialized' status='pass' time='0.005' classname='Application'>
			<skipped />
		</testcase>
	</testsuite>
	<testsuite tests='1' failures='1' disabled='0' errors='0' time='0.001' name='models.ApplicationModel'>
		<testcase name='defaultNumberIsSet' status='fail' time='0.001' classname='models.ApplicationModel'>
			<skipped />
			<failure message='Died on test #1: Result of expression 'ApplicationModel' [undefined] is not a constructor.' type='defaultNumberIsSet' />
		</testcase>
	</testsuite>
</testsuite>